<?xml version="1.0" encoding="utf-8"?><testsuites name="pytest tests"><testsuite name="pytest" errors="0" failures="0" skipped="0" tests="33" time="97.752" timestamp="2026-06-23T00:00:55.437572+02:00" hostname="Asus-K30AD"><testcase classname="tests.test_analysis_and_integrations" name="test_user_dashboard_requires_login" time="0.547" /><testcase classname="tests.test_analysis_and_integrations" name="test_upload_endpoint_requires_login" time="0.474" /><testcase classname="tests.test_analysis_and_integrations" name="test_upload_with_text_submission_requires_login" time="0.408" /><testcase classname="tests.test_analysis_and_integrations" name="test_upload_with_url_submission_requires_login" time="0.408" /><testcase classname="tests.test_analysis_and_integrations" name="test_admin_view_logs_requires_admin" time="1.382" /><testcase classname="tests.test_analysis_and_integrations" name="test_admin_view_logs_accessible_to_admin" time="1.372" /><testcase classname="tests.test_analysis_and_integrations" name="test_admin_delete_user_requires_admin" time="1.047" /><testcase classname="tests.test_analysis_and_integrations" name="test_admin_edit_user_requires_admin" time="1.330" /><testcase classname="tests.test_analysis_and_integrations" name="test_analysis_transaction_creation" time="0.636" /><testcase classname="tests.test_analysis_and_integrations" name="test_user_notification_creation" time="0.643" /><testcase classname="tests.test_analysis_and_integrations" name="test_subscription_creation_for_user" time="0.658" /><testcase classname="tests.test_analysis_and_integrations" name="test_login_creates_session" time="1.064" /><testcase classname="tests.test_analysis_and_integrations" name="test_logout_clears_session" time="1.058" /><testcase classname="tests.test_analysis_and_integrations" name="test_alerts_endpoint_exists" time="1.096" /><testcase classname="tests.test_analysis_and_integrations" name="test_support_tickets_endpoint_exists" time="1.040" /><testcase classname="tests.test_analysis_and_integrations" name="test_user_transactions_endpoint_exists" time="1.110" /><testcase classname="tests.test_analysis_and_integrations" name="test_admin_incidents_endpoint_exists" time="1.144" /><testcase classname="tests.test_analysis_and_integrations" name="test_admin_compliance_readiness_endpoint_exists" time="1.110" /><testcase classname="tests.test_analysis_and_integrations" name="test_evidence_gather_endpoint_exists" time="1.768" /><testcase classname="tests.test_analysis_and_integrations" name="test_evidence_export_endpoint_exists" time="1.364" /><testcase classname="tests.test_analysis_and_integrations" name="test_deletion_requests_endpoint_exists" time="1.050" /><testcase classname="tests.test_analysis_and_integrations" name="test_alert_rules_endpoint_exists" time="1.098" /><testcase classname="tests.test_analysis_and_integrations" name="test_user_can_query_own_data" time="1.039" /><testcase classname="tests.test_analysis_and_integrations" name="test_regular_user_cannot_access_admin_views" time="1.054" /><testcase classname="tests.test_compliance_endpoints" name="test_signup_requires_explicit_consent" time="1.542" /><testcase classname="tests.test_compliance_endpoints" name="test_login_rate_limit_logs_security_event" time="22.378" /><testcase classname="tests.test_compliance_endpoints" name="test_export_and_delete_request_flow" time="4.076" /><testcase classname="tests.test_compliance_endpoints" name="test_admin_can_view_compliance_endpoints" time="13.158" /><testcase classname="tests.test_compliance_endpoints" name="test_auth_session_and_logout_flow" time="3.970" /><testcase classname="tests.test_compliance_endpoints" name="test_privacy_consent_patch_updates_profile" time="4.152" /><testcase classname="tests.test_compliance_endpoints" name="test_transactions_and_receipt_not_found" time="4.616" /><testcase classname="tests.test_compliance_endpoints" name="test_subscription_upgrade_validation" time="4.960" /><testcase classname="tests.test_compliance_endpoints" name="test_admin_can_update_deletion_request_status" time="5.506" /><testcase time="0.078" /></testsuite></testsuites>